<?xml version="1.0" encoding="UTF-8"?>
<testsuite name="com.fc3.admin.catalogo.domain.CategoryTest" tests="1" skipped="0" failures="0" errors="0" timestamp="2022-08-30T01:50:59" hostname="DELL-FG8TWF3" time="0.027">
  <properties/>
  <testcase name="givenAValidParams_whenCallNewCategory_thenInstantiateACategory()" classname="com.fc3.admin.catalogo.domain.CategoryTest" time="0.027"/>
  <system-out><![CDATA[]]></system-out>
  <system-err><![CDATA[]]></system-err>
</testsuite>
