<?xml version="1.0" encoding="UTF-8"?>
<testsuite name="com.fc3.admin.catalogo.domain.CategoryTest" tests="1" skipped="0" failures="0" errors="0" timestamp="2022-08-26T02:12:35" hostname="DELL-FG8TWF3" time="0.018">
  <properties/>
  <testcase name="testNewCategory()" classname="com.fc3.admin.catalogo.domain.CategoryTest" time="0.018"/>
  <system-out><![CDATA[]]></system-out>
  <system-err><![CDATA[]]></system-err>
</testsuite>
